<?xml version="1.0"?>
<testsuite name="PhantomJS 2.1.1 (Mac OS X 0.0.0)" package="" timestamp="2016-03-31T10:04:26" id="0" hostname="MAC120.local" tests="1" errors="0" failures="0" time="0.001">
  <properties>
    <property name="browser.fullName" value="Mozilla/5.0 (Macintosh; Intel Mac OS X) AppleWebKit/538.1 (KHTML, like Gecko) PhantomJS/2.1.1 Safari/538.1"/>
  </properties>
  <testcase name="Example of loading a JSON fixture will create a model from a loaded JSON" time="0.001" classname="PhantomJS_2_1_1_(Mac_OS_X_0_0_0).Example of loading a JSON fixture"/>
  <system-out>
    <![CDATA[
]]>
  </system-out>
  <system-err/>
</testsuite>